<?xml version="1.0" encoding="UTF-8"?>
<!-- Generated by org.testng.reporters.JUnitXMLReporter -->
<testsuite ignored="2" hostname="INHMT1E-DL1092" failures="0" tests="2" name="Default test" time="19.758" errors="0" timestamp="2021-06-08T12:56:31 IST">
  <testcase classname="com.cyient.test.LoginTest" name="invalidCredentialTest" time="1.494"/>
  <testcase classname="com.cyient.test.LoginTest" name="invalidCredentialTest" time="1.441"/>
  <testcase classname="com.cyient.test.LoginTest" name="validCredentialTest" time="0.0">
    <ignored/>
  </testcase> <!-- validCredentialTest -->
  <testcase classname="com.cyient.test.LoginTest" name="validateUIComponentTest" time="0.0">
    <ignored/>
  </testcase> <!-- validateUIComponentTest -->
</testsuite> <!-- Default test -->
